Seaway Saga Android/launcher/build/intermediates/manifest_merge_blame_file/debug/manifest-merger-blame-debug-report.txt
1<?xml version="1.0" encoding="utf-8"?>
2<manifest xmlns:android="http://schemas.android.com/apk/res/android"
3    package="com.Escargot.SeawaySaga"
4    android:installLocation="preferExternal"
5    android:versionCode="1"
6    android:versionName="1.0" >
7
8    <uses-sdk
9        android:minSdkVersion="22"
9-->src\main\AndroidManifest.xml
10        android:targetSdkVersion="30" />
10-->src\main\AndroidManifest.xml
11
12    <supports-screens
12-->src\main\AndroidManifest.xml:3:3-163
13        android:anyDensity="true"
13-->src\main\AndroidManifest.xml:3:135-160
14        android:largeScreens="true"
14-->src\main\AndroidManifest.xml:3:78-105
15        android:normalScreens="true"
15-->src\main\AndroidManifest.xml:3:49-77
16        android:smallScreens="true"
16-->src\main\AndroidManifest.xml:3:21-48
17        android:xlargeScreens="true" />
17-->src\main\AndroidManifest.xml:3:106-134
18
19    <uses-feature android:glEsVersion="0x00020000" />
19-->[:unityLibrary] AndroidManifest.xml:19:5-54
19-->[:unityLibrary] AndroidManifest.xml:19:19-51
20
21    <uses-permission android:name="android.permission.INTERNET" />
21-->[:unityLibrary] AndroidManifest.xml:21:5-67
21-->[:unityLibrary] AndroidManifest.xml:21:22-64
22    <uses-permission
22-->[:unityLibrary] AndroidManifest.xml:22:5-24:38
23        android:name="android.permission.WRITE_EXTERNAL_STORAGE"
23-->[:unityLibrary] AndroidManifest.xml:23:9-65
24        android:maxSdkVersion="18" />
24-->[:unityLibrary] AndroidManifest.xml:24:9-35
25
26    <uses-feature
26-->[:unityLibrary] AndroidManifest.xml:26:5-28:36
27        android:name="android.hardware.touchscreen"
27-->[:unityLibrary] AndroidManifest.xml:27:9-52
28        android:required="false" />
28-->[:unityLibrary] AndroidManifest.xml:28:9-33
29    <uses-feature
29-->[:unityLibrary] AndroidManifest.xml:29:5-31:36
30        android:name="android.hardware.touchscreen.multitouch"
30-->[:unityLibrary] AndroidManifest.xml:30:9-63
31        android:required="false" />
31-->[:unityLibrary] AndroidManifest.xml:31:9-33
32    <uses-feature
32-->[:unityLibrary] AndroidManifest.xml:32:5-34:36
33        android:name="android.hardware.touchscreen.multitouch.distinct"
33-->[:unityLibrary] AndroidManifest.xml:33:9-72
34        android:required="false" />
34-->[:unityLibrary] AndroidManifest.xml:34:9-33
35
36    <supports-gl-texture android:name="GL_OES_compressed_ETC1_RGB8_texture" />
36-->[:unityLibrary] AndroidManifest.xml:36:5-79
36-->[:unityLibrary] AndroidManifest.xml:36:26-76
37
38    <uses-permission android:name="android.permission.ACCESS_NETWORK_STATE" />
38-->[:unityLibrary] AndroidManifest.xml:38:5-79
38-->[:unityLibrary] AndroidManifest.xml:38:22-76
39    <uses-permission android:name="com.android.vending.BILLING" />
39-->[:billing-3.0.3:] AndroidManifest.xml:10:5-67
39-->[:billing-3.0.3:] AndroidManifest.xml:10:22-64
40
41    <application
41-->src\main\AndroidManifest.xml:4:3-164
42        android:banner="@drawable/app_banner"
42-->src\main\AndroidManifest.xml:4:81-118
43        android:debuggable="true"
43-->[:unityLibrary] AndroidManifest.xml:42:9-34
44        android:extractNativeLibs="true"
44-->[:unityLibrary] AndroidManifest.xml:43:9-41
45        android:icon="@mipmap/app_icon"
45-->src\main\AndroidManifest.xml:4:49-80
46        android:isGame="true"
46-->[:unityLibrary] AndroidManifest.xml:45:9-30
47        android:label="@string/app_name"
47-->src\main\AndroidManifest.xml:4:16-48
48        android:roundIcon="@mipmap/app_icon_round"
48-->src\main\AndroidManifest.xml:4:119-161
49        android:testOnly="true"
50        android:theme="@style/UnityThemeSelector" >
50-->[:unityLibrary] AndroidManifest.xml:47:9-50
51        <activity
51-->[:unityLibrary] AndroidManifest.xml:48:9-66:20
52            android:name="com.unity3d.player.UnityPlayerActivity"
52-->[:unityLibrary] AndroidManifest.xml:49:13-66
53            android:configChanges="mcc|mnc|locale|touchscreen|keyboard|keyboardHidden|navigation|orientation|screenLayout|uiMode|screenSize|smallestScreenSize|fontScale|layoutDirection|density"
53-->[:unityLibrary] AndroidManifest.xml:50:13-194
54            android:hardwareAccelerated="false"
54-->[:unityLibrary] AndroidManifest.xml:51:13-48
55            android:label="@string/app_name"
55-->[:unityLibrary] AndroidManifest.xml:52:13-45
56            android:launchMode="singleTask"
56-->[:unityLibrary] AndroidManifest.xml:53:13-44
57            android:resizeableActivity="false"
57-->[:unityLibrary] AndroidManifest.xml:54:13-47
58            android:screenOrientation="landscape" >
58-->[:unityLibrary] AndroidManifest.xml:55:13-50
59            <intent-filter>
59-->[:unityLibrary] AndroidManifest.xml:56:13-61:29
60                <action android:name="android.intent.action.MAIN" />
60-->[:unityLibrary] AndroidManifest.xml:57:17-69
60-->[:unityLibrary] AndroidManifest.xml:57:25-66
61
62                <category android:name="android.intent.category.LAUNCHER" />
62-->[:unityLibrary] AndroidManifest.xml:59:17-77
62-->[:unityLibrary] AndroidManifest.xml:59:27-74
63                <category android:name="android.intent.category.LEANBACK_LAUNCHER" />
63-->[:unityLibrary] AndroidManifest.xml:60:17-86
63-->[:unityLibrary] AndroidManifest.xml:60:27-83
64            </intent-filter>
65
66            <meta-data
66-->[:unityLibrary] AndroidManifest.xml:63:13-65:40
67                android:name="unityplayer.UnityActivity"
67-->[:unityLibrary] AndroidManifest.xml:64:17-57
68                android:value="true" />
68-->[:unityLibrary] AndroidManifest.xml:65:17-37
69        </activity>
70
71        <meta-data
71-->[:unityLibrary] AndroidManifest.xml:68:9-70:33
72            android:name="unity.splash-mode"
72-->[:unityLibrary] AndroidManifest.xml:69:13-45
73            android:value="0" />
73-->[:unityLibrary] AndroidManifest.xml:70:13-30
74        <meta-data
74-->[:unityLibrary] AndroidManifest.xml:71:9-73:36
75            android:name="unity.splash-enable"
75-->[:unityLibrary] AndroidManifest.xml:72:13-47
76            android:value="True" />
76-->[:unityLibrary] AndroidManifest.xml:73:13-33
77        <meta-data
77-->[:unityLibrary] AndroidManifest.xml:74:9-76:36
78            android:name="unity.launch-fullscreen"
78-->[:unityLibrary] AndroidManifest.xml:75:13-51
79            android:value="True" />
79-->[:unityLibrary] AndroidManifest.xml:76:13-33
80        <meta-data
80-->[:unityLibrary] AndroidManifest.xml:77:9-79:37
81            android:name="unity.allow-resizable-window"
81-->[:unityLibrary] AndroidManifest.xml:78:13-56
82            android:value="False" />
82-->[:unityLibrary] AndroidManifest.xml:79:13-34
83
84        <activity
84-->[:UnityAds:] AndroidManifest.xml:13:9-17:74
85            android:name="com.unity3d.services.ads.adunit.AdUnitActivity"
85-->[:UnityAds:] AndroidManifest.xml:14:13-74
86            android:configChanges="fontScale|keyboard|keyboardHidden|locale|mnc|mcc|navigation|orientation|screenLayout|screenSize|smallestScreenSize|uiMode|touchscreen"
86-->[:UnityAds:] AndroidManifest.xml:15:13-170
87            android:hardwareAccelerated="true"
87-->[:UnityAds:] AndroidManifest.xml:16:13-47
88            android:theme="@android:style/Theme.NoTitleBar.Fullscreen" />
88-->[:UnityAds:] AndroidManifest.xml:17:13-71
89        <activity
89-->[:UnityAds:] AndroidManifest.xml:18:9-22:86
90            android:name="com.unity3d.services.ads.adunit.AdUnitTransparentActivity"
90-->[:UnityAds:] AndroidManifest.xml:19:13-85
91            android:configChanges="fontScale|keyboard|keyboardHidden|locale|mnc|mcc|navigation|orientation|screenLayout|screenSize|smallestScreenSize|uiMode|touchscreen"
91-->[:UnityAds:] AndroidManifest.xml:20:13-170
92            android:hardwareAccelerated="true"
92-->[:UnityAds:] AndroidManifest.xml:21:13-47
93            android:theme="@android:style/Theme.Translucent.NoTitleBar.Fullscreen" />
93-->[:UnityAds:] AndroidManifest.xml:22:13-83
94        <activity
94-->[:UnityAds:] AndroidManifest.xml:23:9-27:86
95            android:name="com.unity3d.services.ads.adunit.AdUnitTransparentSoftwareActivity"
95-->[:UnityAds:] AndroidManifest.xml:24:13-93
96            android:configChanges="fontScale|keyboard|keyboardHidden|locale|mnc|mcc|navigation|orientation|screenLayout|screenSize|smallestScreenSize|uiMode|touchscreen"
96-->[:UnityAds:] AndroidManifest.xml:25:13-170
97            android:hardwareAccelerated="false"
97-->[:UnityAds:] AndroidManifest.xml:26:13-48
98            android:theme="@android:style/Theme.Translucent.NoTitleBar.Fullscreen" />
98-->[:UnityAds:] AndroidManifest.xml:27:13-83
99        <activity
99-->[:UnityAds:] AndroidManifest.xml:28:9-32:74
100            android:name="com.unity3d.services.ads.adunit.AdUnitSoftwareActivity"
100-->[:UnityAds:] AndroidManifest.xml:29:13-82
101            android:configChanges="fontScale|keyboard|keyboardHidden|locale|mnc|mcc|navigation|orientation|screenLayout|screenSize|smallestScreenSize|uiMode|touchscreen"
101-->[:UnityAds:] AndroidManifest.xml:30:13-170
102            android:hardwareAccelerated="false"
102-->[:UnityAds:] AndroidManifest.xml:31:13-48
103            android:theme="@android:style/Theme.NoTitleBar.Fullscreen" />
103-->[:UnityAds:] AndroidManifest.xml:32:13-71
104
105        <meta-data
105-->[:billing-3.0.3:] AndroidManifest.xml:13:9-15:37
106            android:name="com.google.android.play.billingclient.version"
106-->[:billing-3.0.3:] AndroidManifest.xml:14:13-73
107            android:value="3.0.3" />
107-->[:billing-3.0.3:] AndroidManifest.xml:15:13-34
108
109        <activity
109-->[:billing-3.0.3:] AndroidManifest.xml:17:9-21:75
110            android:name="com.android.billingclient.api.ProxyBillingActivity"
110-->[:billing-3.0.3:] AndroidManifest.xml:18:13-78
111            android:configChanges="keyboard|keyboardHidden|screenLayout|screenSize|orientation"
111-->[:billing-3.0.3:] AndroidManifest.xml:19:13-96
112            android:exported="false"
112-->[:billing-3.0.3:] AndroidManifest.xml:20:13-37
113            android:theme="@android:style/Theme.Translucent.NoTitleBar" />
113-->[:billing-3.0.3:] AndroidManifest.xml:21:13-72
114    </application>
115
116</manifest>